<?xml version="1.0" encoding="UTF-8"?>
<testng-results skipped="0" failed="0" ignored="0" total="2" passed="2">
  <reporter-output>
  </reporter-output>
  <suite name="Default suite" duration-ms="21620" started-at="2021-07-12T23:18:40Z" finished-at="2021-07-12T23:19:01Z">
    <groups>
    </groups>
    <test name="Default test" duration-ms="21620" started-at="2021-07-12T23:18:40Z" finished-at="2021-07-12T23:19:01Z">
      <class name="testCase.LoginPageTest">
        <test-method status="PASS" signature="setup()[pri:0, instance:testCase.LoginPageTest@18ce0030]" name="setup" is-config="true" duration-ms="3448" started-at="2021-07-12T23:18:40Z" finished-at="2021-07-12T23:18:43Z">
          <reporter-output>
          </reporter-output>
        </test-method> <!-- setup -->
        <test-method status="PASS" signature="loginTest()[pri:1, instance:testCase.LoginPageTest@18ce0030]" name="loginTest" duration-ms="7025" started-at="2021-07-12T23:18:43Z" finished-at="2021-07-12T23:18:50Z">
          <reporter-output>
          </reporter-output>
        </test-method> <!-- loginTest -->
        <test-method status="PASS" signature="tearDown()[pri:0, instance:testCase.LoginPageTest@18ce0030]" name="tearDown" is-config="true" duration-ms="826" started-at="2021-07-12T23:18:50Z" finished-at="2021-07-12T23:18:51Z">
          <reporter-output>
          </reporter-output>
        </test-method> <!-- tearDown -->
        <test-method status="PASS" signature="setup()[pri:0, instance:testCase.LoginPageTest@18ce0030]" name="setup" is-config="true" duration-ms="2617" started-at="2021-07-12T23:18:51Z" finished-at="2021-07-12T23:18:54Z">
          <reporter-output>
          </reporter-output>
        </test-method> <!-- setup -->
        <test-method status="PASS" signature="loginpageTitleTest()[pri:2, instance:testCase.LoginPageTest@18ce0030]" name="loginpageTitleTest" duration-ms="6881" started-at="2021-07-12T23:18:54Z" finished-at="2021-07-12T23:19:01Z">
          <reporter-output>
          </reporter-output>
        </test-method> <!-- loginpageTitleTest -->
        <test-method status="PASS" signature="tearDown()[pri:0, instance:testCase.LoginPageTest@18ce0030]" name="tearDown" is-config="true" duration-ms="773" started-at="2021-07-12T23:19:01Z" finished-at="2021-07-12T23:19:01Z">
          <reporter-output>
          </reporter-output>
        </test-method> <!-- tearDown -->
      </class> <!-- testCase.LoginPageTest -->
    </test> <!-- Default test -->
  </suite> <!-- Default suite -->
</testng-results>
